{
    "FunctionName": "hello-cli",
    "FunctionArn": "arn:aws:lambda:us-east-1:208117863179:function:hello-cli",
    "Runtime": "nodejs12.x",
    "Role": "arn:aws:iam::208117863179:role/lambda-exemplo",
    "Handler": "index.handler",
    "CodeSize": 329,
    "Description": "",
    "Timeout": 3,
    "MemorySize": 128,
    "LastModified": "2020-05-06T16:07:35.283+0000",
    "CodeSha256": "jGw0Y55JrA2K+WDbdq1HLA3OsRWIQ3IhvZA582A4Rtc=",
    "Version": "$LATEST",
    "TracingConfig": {
        "Mode": "PassThrough"
    },
    "RevisionId": "df09b16b-d85a-4e68-ba03-5fdd894c91ec",
    "State": "Active",
    "LastUpdateStatus": "Successful"
}
